<?xml version="1.0" encoding="UTF-8"?>
<testng-results skipped="0" failed="0" ignored="0" total="2" passed="2">
  <reporter-output>
    <line>
      <![CDATA[Registeruser]]>
    </line>
    <line>
      <![CDATA[deleteuser]]>
    </line>
  </reporter-output>
  <suite name="Default suite" duration-ms="62" started-at="2017-10-04T09:33:21Z" finished-at="2017-10-04T09:33:21Z">
    <groups>
    </groups>
    <test name="Default test" duration-ms="62" started-at="2017-10-04T09:33:21Z" finished-at="2017-10-04T09:33:21Z">
      <class name="Shiva.DemoC">
        <test-method status="PASS" signature="registeruser()[pri:-1, instance:Shiva.DemoC@66d2e7d9]" name="registeruser" duration-ms="16" started-at="2017-10-04T15:03:21Z" finished-at="2017-10-04T15:03:21Z">
          <reporter-output>
            <line>
              <![CDATA[Registeruser]]>
            </line>
          </reporter-output>
        </test-method> <!-- registeruser -->
        <test-method status="PASS" signature="deleteuser()[pri:0, instance:Shiva.DemoC@66d2e7d9]" name="deleteuser" duration-ms="0" started-at="2017-10-04T15:03:21Z" finished-at="2017-10-04T15:03:21Z">
          <reporter-output>
            <line>
              <![CDATA[deleteuser]]>
            </line>
          </reporter-output>
        </test-method> <!-- deleteuser -->
      </class> <!-- Shiva.DemoC -->
    </test> <!-- Default test -->
  </suite> <!-- Default suite -->
</testng-results>
